#
# There is insufficient memory for the Java Runtime Environment to continue.
# Native memory allocation (malloc) failed to allocate 1319696 bytes for Chunk::new
# Possible reasons:
#   The system is out of physical RAM or swap space
#   In 32 bit mode, the process size limit was hit
# Possible solutions:
#   Reduce memory load on the system
#   Increase physical memory or swap space
#   Check if swap backing store is full
#   Use 64 bit Java on a 64 bit OS
#   Decrease Java heap size (-Xmx/-Xms)
#   Decrease number of Java threads
#   Decrease Java thread stack sizes (-Xss)
#   Set larger code cache with -XX:ReservedCodeCacheSize=
# This output file may be truncated or incomplete.
#
#  Out of Memory Error (allocation.cpp:323), pid=9720, tid=15604
#
# JRE version: Java(TM) SE Runtime Environment (7.0_79-b15) (build 1.7.0_79-b15)
# Java VM: Java HotSpot(TM) 64-Bit Server VM (24.79-b02 mixed mode windows-amd64 compressed oops)
# Failed to write core dump. Minidumps are not enabled by default on client versions of Windows
#

---------------  T H R E A D  ---------------

Current thread (0x0000000008945000):  JavaThread "C2 CompilerThread1" daemon [_thread_in_native, id=15604, stack(0x0000000009fc0000,0x000000000a0c0000)]

Stack: [0x0000000009fc0000,0x000000000a0c0000]
[error occurred during error reporting (printing stack bounds), id 0xc0000005]


[error occurred during error reporting (printing native stack), id 0xc0000005]


Current CompileTask:
C2:   2328  559   !         com.android.dx.cf.code.Ropper::processBlock (1101 bytes)


---------------  P R O C E S S  ---------------

Java Threads: ( => current thread )
  0x000000000a554000 JavaThread "pool-1-thread-4" [_thread_in_Java, id=7784, stack(0x000000000aac0000,0x000000000abc0000)]
  0x000000000a54f000 JavaThread "pool-1-thread-3" [_thread_in_Java, id=4068, stack(0x000000000a9c0000,0x000000000aac0000)]
  0x000000000a547000 JavaThread "pool-1-thread-2" [_thread_in_Java, id=7604, stack(0x000000000a8c0000,0x000000000a9c0000)]
  0x000000000a546800 JavaThread "pool-2-thread-1" [_thread_blocked, id=4376, stack(0x000000000a7c0000,0x000000000a8c0000)]
  0x000000000a545800 JavaThread "pool-1-thread-1" [_thread_in_Java, id=2364, stack(0x000000000a6c0000,0x000000000a7c0000)]
  0x000000000895b800 JavaThread "Service Thread" daemon [_thread_blocked, id=7496, stack(0x000000000a0c0000,0x000000000a1c0000)]
=>0x0000000008945000 JavaThread "C2 CompilerThread1" daemon [_thread_in_native, id=15604, stack(0x0000000009fc0000,0x000000000a0c0000)]
  0x0000000008943800 JavaThread "C2 CompilerThread0" daemon [_thread_in_native, id=15044, stack(0x0000000009ec0000,0x0000000009fc0000)]
  0x0000000008942000 JavaThread "Attach Listener" daemon [_thread_blocked, id=4036, stack(0x0000000009dc0000,0x0000000009ec0000)]
  0x000000000893f000 JavaThread "Signal Dispatcher" daemon [_thread_blocked, id=12736, stack(0x0000000009cc0000,0x0000000009dc0000)]
  0x0000000008908800 JavaThread "Finalizer" daemon [_thread_blocked, id=16872, stack(0x0000000009bc0000,0x0000000009cc0000)]
  0x0000000008905000 JavaThread "Reference Handler" daemon [_thread_blocked, id=3928, stack(0x0000000009ac0000,0x0000000009bc0000)]
  0x00000000029b0800 JavaThread "main" [_thread_in_Java, id=10580, stack(0x00000000028b0000,0x00000000029b0000)]

Other Threads:
  0x0000000008901000 VMThread [stack: 0x00000000099c0000,0x0000000009ac0000] [id=6776]
  0x0000000008965800 WatcherThread [stack: 0x000000000a1c0000,0x000000000a2c0000] [id=17032]

VM state:not at safepoint (normal execution)

VM Mutex/Monitor currently owned by a thread: None

Heap
 PSYoungGen      total 71680K, used 29297K [0x00000000eaa80000, 0x00000000ef580000, 0x0000000100000000)
  eden space 66560K, 36% used [0x00000000eaa80000,0x00000000ec220d28,0x00000000eeb80000)
  from space 5120K, 99% used [0x00000000ef080000,0x00000000ef57b7f0,0x00000000ef580000)
  to   space 5120K, 0% used [0x00000000eeb80000,0x00000000eeb80000,0x00000000ef080000)
 ParOldGen       total 86528K, used 25896K [0x00000000c0000000, 0x00000000c5480000, 0x00000000eaa80000)
  object space 86528K, 29% used [0x00000000c0000000,0x00000000c194a2c8,0x00000000c5480000)
 PSPermGen       total 21504K, used 6024K [0x00000000bae00000, 0x00000000bc300000, 0x00000000c0000000)
  object space 21504K, 28% used [0x00000000bae00000,0x00000000bb3e2038,0x00000000bc300000)

Card table byte_map: [0x0000000005b70000,0x0000000005da0000] byte_map_base: 0x0000000005599000

Polling page: 0x00000000026e0000

Code Cache  [0x0000000002ab0000, 0x0000000002d20000, 0x0000000005ab0000)
 total_blobs=811 nmethods=574 adapters=189 free_code_cache=46883Kb largest_free_block=47943744

Compilation events (10 events):
Event: 2.274 Thread 0x0000000008943800 nmethod 572 0x0000000002cd96d0 code [0x0000000002cd9820, 0x0000000002cd98e8]
Event: 2.274 Thread 0x0000000008943800  573             com.android.dx.cf.code.BasicBlocker::visitLocal (34 bytes)
Event: 2.276 Thread 0x0000000008943800 nmethod 573 0x0000000002cf2e10 code [0x0000000002cf2f60, 0x0000000002cf3128]
Event: 2.276 Thread 0x0000000008943800  574             com.android.dx.ssa.back.FirstFitLocalCombiningAllocator::addMapping (76 bytes)
Event: 2.284 Thread 0x0000000008943800 nmethod 574 0x0000000002cd9f50 code [0x0000000002cda140, 0x0000000002cda890]
Event: 2.284 Thread 0x0000000008943800  575             com.android.dx.ssa.InterferenceRegisterMapper::addMapping (27 bytes)
Event: 2.285 Thread 0x0000000008943800 nmethod 575 0x0000000002cd9c10 code [0x0000000002cd9d60, 0x0000000002cd9e48]
Event: 2.285 Thread 0x0000000008943800  576             com.android.dx.cf.code.LocalVariableList$Item::getType (11 bytes)
Event: 2.285 Thread 0x0000000008943800 nmethod 576 0x0000000002cd9450 code [0x0000000002cd95a0, 0x0000000002cd9628]
Event: 2.285 Thread 0x0000000008943800  577   !         com.android.dx.cf.code.RopperMachine::run (1550 bytes)

GC Heap History (8 events):
Event: 0.700 GC heap before
{Heap before GC invocations=1 (full 0):
 PSYoungGen      total 38400K, used 33280K [0x00000000eaa80000, 0x00000000ed500000, 0x0000000100000000)
  eden space 33280K, 100% used [0x00000000eaa80000,0x00000000ecb00000,0x00000000ecb00000)
  from space 5120K, 0% used [0x00000000ed000000,0x00000000ed000000,0x00000000ed500000)
  to   space 5120K, 0% used [0x00000000ecb00000,0x00000000ecb00000,0x00000000ed000000)
 ParOldGen       total 86528K, used 0K [0x00000000c0000000, 0x00000000c5480000, 0x00000000eaa80000)
  object space 86528K, 0% used [0x00000000c0000000,0x00000000c0000000,0x00000000c5480000)
 PSPermGen       total 21504K, used 5821K [0x00000000bae00000, 0x00000000bc300000, 0x00000000c0000000)
  object space 21504K, 27% used [0x00000000bae00000,0x00000000bb3af7a8,0x00000000bc300000)
Event: 0.707 GC heap after
Heap after GC invocations=1 (full 0):
 PSYoungGen      total 38400K, used 5094K [0x00000000eaa80000, 0x00000000ef580000, 0x0000000100000000)
  eden space 33280K, 0% used [0x00000000eaa80000,0x00000000eaa80000,0x00000000ecb00000)
  from space 5120K, 99% used [0x00000000ecb00000,0x00000000ecff9908,0x00000000ed000000)
  to   space 5120K, 0% used [0x00000000ef080000,0x00000000ef080000,0x00000000ef580000)
 ParOldGen       total 86528K, used 1019K [0x00000000c0000000, 0x00000000c5480000, 0x00000000eaa80000)
  object space 86528K, 1% used [0x00000000c0000000,0x00000000c00fee88,0x00000000c5480000)
 PSPermGen       total 21504K, used 5821K [0x00000000bae00000, 0x00000000bc300000, 0x00000000c0000000)
  object space 21504K, 27% used [0x00000000bae00000,0x00000000bb3af7a8,0x00000000bc300000)
}
Event: 1.172 GC heap before
{Heap before GC invocations=2 (full 0):
 PSYoungGen      total 38400K, used 38374K [0x00000000eaa80000, 0x00000000ef580000, 0x0000000100000000)
  eden space 33280K, 100% used [0x00000000eaa80000,0x00000000ecb00000,0x00000000ecb00000)
  from space 5120K, 99% used [0x00000000ecb00000,0x00000000ecff9908,0x00000000ed000000)
  to   space 5120K, 0% used [0x00000000ef080000,0x00000000ef080000,0x00000000ef580000)
 ParOldGen       total 86528K, used 1019K [0x00000000c0000000, 0x00000000c5480000, 0x00000000eaa80000)
  object space 86528K, 1% used [0x00000000c0000000,0x00000000c00fee88,0x00000000c5480000)
 PSPermGen       total 21504K, used 5923K [0x00000000bae00000, 0x00000000bc300000, 0x00000000c0000000)
  object space 21504K, 27% used [0x00000000bae00000,0x00000000bb3c8e30,0x00000000bc300000)
Event: 1.184 GC heap after
Heap after GC invocations=2 (full 0):
 PSYoungGen      total 71680K, used 5107K [0x00000000eaa80000, 0x00000000ef580000, 0x0000000100000000)
  eden space 66560K, 0% used [0x00000000eaa80000,0x00000000eaa80000,0x00000000eeb80000)
  from space 5120K, 99% used [0x00000000ef080000,0x00000000ef57ccb8,0x00000000ef580000)
  to   space 5120K, 0% used [0x00000000eeb80000,0x00000000eeb80000,0x00000000ef080000)
 ParOldGen       total 86528K, used 5307K [0x00000000c0000000, 0x00000000c5480000, 0x00000000eaa80000)
  object space 86528K, 6% used [0x00000000c0000000,0x00000000c052edc0,0x00000000c5480000)
 PSPermGen       total 21504K, used 5923K [0x00000000bae00000, 0x00000000bc300000, 0x00000000c0000000)
  object space 21504K, 27% used [0x00000000bae00000,0x00000000bb3c8e30,0x00000000bc300000)
}
Event: 1.869 GC heap before
{Heap before GC invocations=3 (full 0):
 PSYoungGen      total 71680K, used 71667K [0x00000000eaa80000, 0x00000000ef580000, 0x0000000100000000)
  eden space 66560K, 100% used [0x00000000eaa80000,0x00000000eeb80000,0x00000000eeb80000)
  from space 5120K, 99% used [0x00000000ef080000,0x00000000ef57ccb8,0x00000000ef580000)
  to   space 5120K, 0% used [0x00000000eeb80000,0x00000000eeb80000,0x00000000ef080000)
 ParOldGen       total 86528K, used 5307K [0x00000000c0000000, 0x00000000c5480000, 0x00000000eaa80000)
  object space 86528K, 6% used [0x00000000c0000000,0x00000000c052edc0,0x00000000c5480000)
 PSPermGen       total 21504K, used 5980K [0x00000000bae00000, 0x00000000bc300000, 0x00000000c0000000)
  object space 21504K, 27% used [0x00000000bae00000,0x00000000bb3d7170,0x00000000bc300000)
Event: 1.892 GC heap after
Heap after GC invocations=3 (full 0):
 PSYoungGen      total 71680K, used 5107K [0x00000000eaa80000, 0x00000000ef580000, 0x0000000100000000)
  eden space 66560K, 0% used [0x00000000eaa80000,0x00000000eaa80000,0x00000000eeb80000)
  from space 5120K, 99% used [0x00000000eeb80000,0x00000000ef07cda8,0x00000000ef080000)
  to   space 5120K, 0% used [0x00000000ef080000,0x00000000ef080000,0x00000000ef580000)
 ParOldGen       total 86528K, used 15942K [0x00000000c0000000, 0x00000000c5480000, 0x00000000eaa80000)
  object space 86528K, 18% used [0x00000000c0000000,0x00000000c0f91b90,0x00000000c5480000)
 PSPermGen       total 21504K, used 5980K [0x00000000bae00000, 0x00000000bc300000, 0x00000000c0000000)
  object space 21504K, 27% used [0x00000000bae00000,0x00000000bb3d7170,0x00000000bc300000)
}
Event: 2.244 GC heap before
{Heap before GC invocations=4 (full 0):
 PSYoungGen      total 71680K, used 71667K [0x00000000eaa80000, 0x00000000ef580000, 0x0000000100000000)
  eden space 66560K, 100% used [0x00000000eaa80000,0x00000000eeb80000,0x00000000eeb80000)
  from space 5120K, 99% used [0x00000000eeb80000,0x00000000ef07cda8,0x00000000ef080000)
  to   space 5120K, 0% used [0x00000000ef080000,0x00000000ef080000,0x00000000ef580000)
 ParOldGen       total 86528K, used 15942K [0x00000000c0000000, 0x00000000c5480000, 0x00000000eaa80000)
  object space 86528K, 18% used [0x00000000c0000000,0x00000000c0f91b90,0x00000000c5480000)
 PSPermGen       total 21504K, used 6018K [0x00000000bae00000, 0x00000000bc300000, 0x00000000c0000000)
  object space 21504K, 27% used [0x00000000bae00000,0x00000000bb3e0b40,0x00000000bc300000)
Event: 2.260 GC heap after
Heap after GC invocations=4 (full 0):
 PSYoungGen      total 71680K, used 5101K [0x00000000eaa80000, 0x00000000ef580000, 0x0000000100000000)
  eden space 66560K, 0% used [0x00000000eaa80000,0x00000000eaa80000,0x00000000eeb80000)
  from space 5120K, 99% used [0x00000000ef080000,0x00000000ef57b7f0,0x00000000ef580000)
  to   space 5120K, 0% used [0x00000000eeb80000,0x00000000eeb80000,0x00000000ef080000)
 ParOldGen       total 86528K, used 25896K [0x00000000c0000000, 0x00000000c5480000, 0x00000000eaa80000)
  object space 86528K, 29% used [0x00000000c0000000,0x00000000c194a2c8,0x00000000c5480000)
 PSPermGen       total 21504K, used 6018K [0x00000000bae00000, 0x00000000bc300000, 0x00000000c0000000)
  object space 21504K, 27% used [0x00000000bae00000,0x00000000bb3e0b40,0x00000000bc300000)
}

Deoptimization events (10 events):
Event: 1.728 Thread 0x000000000a545800 Uncommon trap: reason=class_check action=maybe_recompile pc=0x0000000002bc9d8c method=com.android.dx.cf.code.Ropper.processBlock(Lcom/android/dx/cf/code/ByteBlock;Lcom/android/dx/cf/code/Frame;[I)V @ 777
Event: 1.754 Thread 0x000000000a54f000 Uncommon trap: reason=null_check action=make_not_entrant pc=0x0000000002c82e88 method=com.android.dx.dex.file.MethodIdsSection.intern(Lcom/android/dx/rop/cst/CstBaseMethodRef;)Lcom/android/dx/dex/file/MethodIdItem; @ 26
Event: 1.927 Thread 0x000000000a554000 Uncommon trap: reason=null_check action=make_not_entrant pc=0x0000000002c82e88 method=com.android.dx.dex.file.MethodIdsSection.intern(Lcom/android/dx/rop/cst/CstBaseMethodRef;)Lcom/android/dx/dex/file/MethodIdItem; @ 26
Event: 1.937 Thread 0x000000000a545800 Uncommon trap: reason=class_check action=maybe_recompile pc=0x0000000002bc9d8c method=com.android.dx.cf.code.Ropper.processBlock(Lcom/android/dx/cf/code/ByteBlock;Lcom/android/dx/cf/code/Frame;[I)V @ 777
Event: 1.964 Thread 0x000000000a54f000 Uncommon trap: reason=bimorphic action=maybe_recompile pc=0x0000000002c06c04 method=com.android.dx.ssa.LiteralOpUpgrader.tryReplacingWithConstant(Lcom/android/dx/ssa/NormalSsaInsn;)Z @ 62
Event: 2.035 Thread 0x000000000a547000 Uncommon trap: reason=null_check action=make_not_entrant pc=0x0000000002cc34a8 method=com.android.dx.dex.file.FieldIdsSection.intern(Lcom/android/dx/rop/cst/CstFieldRef;)Lcom/android/dx/dex/file/FieldIdItem; @ 26
Event: 2.173 Thread 0x000000000a54f000 Uncommon trap: reason=bimorphic action=maybe_recompile pc=0x0000000002c06c04 method=com.android.dx.ssa.LiteralOpUpgrader.tryReplacingWithConstant(Lcom/android/dx/ssa/NormalSsaInsn;)Z @ 62
Event: 2.278 Thread 0x000000000a554000 Uncommon trap: reason=class_check action=maybe_recompile pc=0x0000000002ce3524 method=com.android.dx.cf.code.BytecodeArray.parseInstruction(ILcom/android/dx/cf/code/BytecodeArray$Visitor;)I @ 1939
Event: 2.301 Thread 0x00000000029b0800 Uncommon trap: reason=unloaded action=reinterpret pc=0x0000000002cb7fe8 method=com.android.dx.cf.code.Ropper.addReturnBlock()V @ 45
Event: 2.301 Thread 0x00000000029b0800 Uncommon trap: reason=unreached action=reinterpret pc=0x0000000002bffeec method=com.android.dx.ssa.MoveParamCombiner$1.visitNonMoveInsn(Lcom/android/dx/ssa/NormalSsaInsn;)V @ 27

Internal exceptions (10 events):
Event: 0.352 Thread 0x000000000a545800 Threw 0x00000000ebc8c3f0 at C:\re\jdk7u79\2331\hotspot\src\share\vm\prims\jvm.cpp:1304
Event: 0.389 Thread 0x000000000a547000 Implicit null exception at 0x0000000002b324d8 to 0x0000000002b328d9
Event: 0.415 Thread 0x00000000029b0800 Threw 0x00000000ebf2cec0 at C:\re\jdk7u79\2331\hotspot\src\share\vm\prims\jvm.cpp:1304
Event: 0.417 Thread 0x00000000029b0800 Threw 0x00000000ebf3df40 at C:\re\jdk7u79\2331\hotspot\src\share\vm\prims\jvm.cpp:1304
Event: 0.659 Thread 0x00000000029b0800 Implicit null exception at 0x0000000002b70ba4 to 0x0000000002b71ef9
Event: 0.908 Thread 0x00000000029b0800 Implicit null exception at 0x0000000002b7ae4b to 0x0000000002b7b529
Event: 1.147 Thread 0x00000000029b0800 Threw 0x00000000ec6a67d0 at C:\re\jdk7u79\2331\hotspot\src\share\vm\prims\jvm.cpp:1304
Event: 1.506 Thread 0x000000000a554000 Threw 0x00000000ec02a378 at C:\re\jdk7u79\2331\hotspot\src\share\vm\prims\jvm.cpp:1304
Event: 1.724 Thread 0x000000000a554000 Threw 0x00000000ed1fd8f0 at C:\re\jdk7u79\2331\hotspot\src\share\vm\prims\jvm.cpp:1304
Event: 2.130 Thread 0x00000000029b0800 Threw 0x00000000ed878238 at C:\re\jdk7u79\2331\hotspot\src\share\vm\prims\jvm.cpp:1304

Events (10 events):
Event: 2.274 Thread 0x0000000008943800 flushing nmethod 0x0000000002b6ff90
Event: 2.278 Thread 0x000000000a554000 Uncommon trap: trap_request=0xffffffde fr.pc=0x0000000002ce3524
Event: 2.278 Thread 0x000000000a554000 DEOPT PACKING pc=0x0000000002ce3524 sp=0x000000000abbead0
Event: 2.278 Thread 0x000000000a554000 DEOPT UNPACKING pc=0x0000000002ae75a4 sp=0x000000000abbea68 mode 2
Event: 2.301 Thread 0x00000000029b0800 Uncommon trap: trap_request=0x000000c9 fr.pc=0x0000000002cb7fe8
Event: 2.301 Thread 0x00000000029b0800 DEOPT PACKING pc=0x0000000002cb7fe8 sp=0x00000000029aeb00
Event: 2.301 Thread 0x00000000029b0800 DEOPT UNPACKING pc=0x0000000002ae75a4 sp=0x00000000029aea30 mode 2
Event: 2.301 Thread 0x00000000029b0800 Uncommon trap: trap_request=0xffffffad fr.pc=0x0000000002bffeec
Event: 2.301 Thread 0x00000000029b0800 DEOPT PACKING pc=0x0000000002bffeec sp=0x00000000029ae8e0
Event: 2.301 Thread 0x00000000029b0800 DEOPT UNPACKING pc=0x0000000002ae75a4 sp=0x00000000029ae838 mode 2


Dynamic libraries:
0x00007ff7b16b0000 - 0x00007ff7b16e3000 	C:\Program Files\Java\jdk1.7.0_79\bin\java.exe
0x00007ff956800000 - 0x00007ff9569c1000 	C:\WINDOWS\SYSTEM32\ntdll.dll
0x00007ff954070000 - 0x00007ff95411d000 	C:\WINDOWS\system32\KERNEL32.DLL
0x00007ff9539c0000 - 0x00007ff953b9d000 	C:\WINDOWS\system32\KERNELBASE.dll
0x00007ff954470000 - 0x00007ff954516000 	C:\WINDOWS\system32\ADVAPI32.dll
0x00007ff953ed0000 - 0x00007ff953f6d000 	C:\WINDOWS\system32\msvcrt.dll
0x00007ff954000000 - 0x00007ff95405b000 	C:\WINDOWS\system32\sechost.dll
0x00007ff955f40000 - 0x00007ff956066000 	C:\WINDOWS\system32\RPCRT4.dll
0x00007ff9561c0000 - 0x00007ff95630e000 	C:\WINDOWS\system32\USER32.dll
0x00007ff956320000 - 0x00007ff9564a6000 	C:\WINDOWS\system32\GDI32.dll
0x00007ff94fb80000 - 0x00007ff94fdf4000 	C:\WINDOWS\WinSxS\amd64_microsoft.windows.common-controls_6595b64144ccf1df_6.0.10240.16384_none_f41f7b285750ef43\COMCTL32.dll
0x00007ff9564b0000 - 0x00007ff9564e6000 	C:\WINDOWS\system32\IMM32.DLL
0x00007ff954310000 - 0x00007ff95446c000 	C:\WINDOWS\system32\MSCTF.dll
0x0000000071ec0000 - 0x0000000071f92000 	C:\Program Files\Java\jdk1.7.0_79\jre\bin\msvcr100.dll
0x0000000072430000 - 0x0000000072c05000 	C:\Program Files\Java\jdk1.7.0_79\jre\bin\server\jvm.dll
0x00007ff954060000 - 0x00007ff954068000 	C:\WINDOWS\system32\PSAPI.DLL
0x00007ff950270000 - 0x00007ff950279000 	C:\WINDOWS\SYSTEM32\WSOCK32.dll
0x00007ff953f90000 - 0x00007ff953ff9000 	C:\WINDOWS\system32\WS2_32.dll
0x00007ff9547a0000 - 0x00007ff9547a8000 	C:\WINDOWS\system32\NSI.dll
0x00007ff9513e0000 - 0x00007ff951403000 	C:\WINDOWS\SYSTEM32\WINMM.dll
0x00000000026b0000 - 0x00000000026dc000 	C:\WINDOWS\SYSTEM32\WINMMBASE.dll
0x00007ff953ba0000 - 0x00007ff953be4000 	C:\WINDOWS\system32\cfgmgr32.dll
0x00007ff951b00000 - 0x00007ff951b27000 	C:\WINDOWS\SYSTEM32\DEVOBJ.dll
0x0000000072340000 - 0x000000007234f000 	C:\Program Files\Java\jdk1.7.0_79\jre\bin\verify.dll
0x0000000072310000 - 0x0000000072338000 	C:\Program Files\Java\jdk1.7.0_79\jre\bin\java.dll
0x00000000722f0000 - 0x0000000072305000 	C:\Program Files\Java\jdk1.7.0_79\jre\bin\zip.dll
0x00000000722d0000 - 0x00000000722ea000 	C:\Program Files\Java\jdk1.7.0_79\jre\bin\net.dll
0x00007ff952970000 - 0x00007ff9529cd000 	C:\WINDOWS\system32\mswsock.dll
0x00000000722b0000 - 0x00000000722c1000 	C:\Program Files\Java\jdk1.7.0_79\jre\bin\nio.dll

VM Arguments:
jvm_args: -Xmx1024M -Dfile.encoding=windows-1252 -Duser.country=SE -Duser.language=sv -Duser.variant 
java_command: com.android.dx.command.Main --dex --num-threads=4 --output C:\Users\stefan\AndroidStudioProjects\MP3PLAYER\app\build\intermediates\pre-dexed\debug\classes-b808ecb000cb00dd9818fb0558fe81fb3a2634a7.jar C:\Users\stefan\AndroidStudioProjects\MP3PLAYER\app\build\intermediates\exploded-aar\com.android.support\appcompat-v7\23.1.0\jars\classes.jar
Launcher Type: SUN_STANDARD

Environment Variables:
PATH=C:\WINDOWS\system32;C:\WINDOWS;C:\WINDOWS\System32\Wbem;C:\WINDOWS\System32\WindowsPowerShell\v1.0\
USERNAME=stefan
OS=Windows_NT
PROCESSOR_IDENTIFIER=Intel64 Family 6 Model 60 Stepping 3, GenuineIntel



---------------  S Y S T E M  ---------------

OS: Windows 8.1 , 64 bit Build 9600 

CPU:total 4 (4 cores per cpu, 1 threads per core) family 6 model 60 stepping 3, cmov, cx8, fxsr, mmx, sse, sse2, sse3, ssse3, sse4.1, sse4.2, popcnt, avx, avx2, aes, erms, tsc, tscinvbit

Memory: 4k page, physical 8330600k(498592k free), swap 14866268k(7364k free)

vm_info: Java HotSpot(TM) 64-Bit Server VM (24.79-b02) for windows-amd64 JRE (1.7.0_79-b15), built on Apr 10 2015 12:36:16 by "java_re" with unknown MS VC++:1600

time: Tue Nov 03 22:09:55 2015
elapsed time: 2 seconds

