#
# There is insufficient memory for the Java Runtime Environment to continue.
# Native memory allocation (malloc) failed to allocate 1048576 bytes for AllocateHeap
# Possible reasons:
#   The system is out of physical RAM or swap space
#   In 32 bit mode, the process size limit was hit
# Possible solutions:
#   Reduce memory load on the system
#   Increase physical memory or swap space
#   Check if swap backing store is full
#   Use 64 bit Java on a 64 bit OS
#   Decrease Java heap size (-Xmx/-Xms)
#   Decrease number of Java threads
#   Decrease Java thread stack sizes (-Xss)
#   Set larger code cache with -XX:ReservedCodeCacheSize=
# This output file may be truncated or incomplete.
#
#  Out of Memory Error (memory/allocation.inline.hpp:61), pid=6516, tid=7116
#
# JRE version:  (7.0_79-b15) (build )
# Java VM: Java HotSpot(TM) 64-Bit Server VM (24.79-b02 mixed mode windows-amd64 compressed oops)
# Failed to write core dump. Minidumps are not enabled by default on client versions of Windows
#

---------------  T H R E A D  ---------------

Current thread (0x00000000027e0800):  JavaThread "Unknown thread" [_thread_in_vm, id=7116, stack(0x00000000026c0000,0x00000000027c0000)]

Stack: [0x00000000026c0000,0x00000000027c0000]
[error occurred during error reporting (printing stack bounds), id 0xc0000005]


---------------  P R O C E S S  ---------------

Java Threads: ( => current thread )

Other Threads:

=>0x00000000027e0800 (exited) JavaThread "Unknown thread" [_thread_in_vm, id=7116, stack(0x00000000026c0000,0x00000000027c0000)]

VM state:not at safepoint (normal execution)

VM Mutex/Monitor currently owned by a thread: None

Heap
 PSYoungGen      total 38400K, used 665K [0x00000000eaa80000, 0x00000000ed500000, 0x0000000100000000)
  eden space 33280K, 2% used [0x00000000eaa80000,0x00000000eab266b8,0x00000000ecb00000)
  from space 5120K, 0% used [0x00000000ed000000,0x00000000ed000000,0x00000000ed500000)
  to   space 5120K, 0% used [0x00000000ecb00000,0x00000000ecb00000,0x00000000ed000000)
 ParOldGen       total 86528K, used 0K [0x00000000c0000000, 0x00000000c5480000, 0x00000000eaa80000)
  object space 86528K, 0% used [0x00000000c0000000,0x00000000c0000000,0x00000000c5480000)
 PSPermGen       total 21504K, used 697K [0x00000000bae00000, 0x00000000bc300000, 0x00000000c0000000)
  object space 21504K, 3% used [0x00000000bae00000,0x00000000baeae588,0x00000000bc300000)

Card table byte_map: [0x00000000059a0000,0x0000000005bd0000] byte_map_base: 0x00000000053c9000

Polling page: 0x0000000002650000

Code Cache  [0x00000000028e0000, 0x0000000002b50000, 0x00000000058e0000)
 total_blobs=38 nmethods=0 adapters=20 free_code_cache=48889Kb largest_free_block=50062528

Compilation events (0 events):
No events

GC Heap History (0 events):
No events

Deoptimization events (0 events):
No events

Internal exceptions (0 events):
No events

Events (10 events):
Event: 0.016 loading class 0x0000000002826240
Event: 0.016 loading class 0x0000000002826240 done
Event: 0.016 loading class 0x0000000002826290
Event: 0.016 loading class 0x0000000002826290 done
Event: 0.016 loading class 0x00000000028262e0
Event: 0.016 loading class 0x00000000028262e0 done
Event: 0.016 loading class 0x0000000002827060
Event: 0.016 loading class 0x0000000002827060 done
Event: 0.016 loading class 0x0000000002826c80
Event: 0.016 loading class 0x0000000002826c80 done


Dynamic libraries:
0x00007ff7b16b0000 - 0x00007ff7b16e3000 	C:\Program Files\Java\jdk1.7.0_79\bin\java.exe
0x00007ff956800000 - 0x00007ff9569c1000 	C:\WINDOWS\SYSTEM32\ntdll.dll
0x00007ff954070000 - 0x00007ff95411d000 	C:\WINDOWS\system32\KERNEL32.DLL
0x00007ff9539c0000 - 0x00007ff953b9d000 	C:\WINDOWS\system32\KERNELBASE.dll
0x00007ff954470000 - 0x00007ff954516000 	C:\WINDOWS\system32\ADVAPI32.dll
0x00007ff953ed0000 - 0x00007ff953f6d000 	C:\WINDOWS\system32\msvcrt.dll
0x00007ff954000000 - 0x00007ff95405b000 	C:\WINDOWS\system32\sechost.dll
0x00007ff955f40000 - 0x00007ff956066000 	C:\WINDOWS\system32\RPCRT4.dll
0x00007ff9561c0000 - 0x00007ff95630e000 	C:\WINDOWS\system32\USER32.dll
0x00007ff956320000 - 0x00007ff9564a6000 	C:\WINDOWS\system32\GDI32.dll
0x00007ff94fb80000 - 0x00007ff94fdf4000 	C:\WINDOWS\WinSxS\amd64_microsoft.windows.common-controls_6595b64144ccf1df_6.0.10240.16384_none_f41f7b285750ef43\COMCTL32.dll
0x00007ff9564b0000 - 0x00007ff9564e6000 	C:\WINDOWS\system32\IMM32.DLL
0x00007ff954310000 - 0x00007ff95446c000 	C:\WINDOWS\system32\MSCTF.dll
0x0000000071ec0000 - 0x0000000071f92000 	C:\Program Files\Java\jdk1.7.0_79\jre\bin\msvcr100.dll
0x0000000072430000 - 0x0000000072c05000 	C:\Program Files\Java\jdk1.7.0_79\jre\bin\server\jvm.dll
0x00007ff954060000 - 0x00007ff954068000 	C:\WINDOWS\system32\PSAPI.DLL
0x00007ff950270000 - 0x00007ff950279000 	C:\WINDOWS\SYSTEM32\WSOCK32.dll
0x00007ff953f90000 - 0x00007ff953ff9000 	C:\WINDOWS\system32\WS2_32.dll
0x00007ff9547a0000 - 0x00007ff9547a8000 	C:\WINDOWS\system32\NSI.dll
0x00007ff9513e0000 - 0x00007ff951403000 	C:\WINDOWS\SYSTEM32\WINMM.dll
0x00007ff9512f0000 - 0x00007ff95131c000 	C:\WINDOWS\SYSTEM32\WINMMBASE.dll
0x00007ff953ba0000 - 0x00007ff953be4000 	C:\WINDOWS\system32\cfgmgr32.dll
0x00007ff951b00000 - 0x00007ff951b27000 	C:\WINDOWS\SYSTEM32\DEVOBJ.dll
0x0000000072340000 - 0x000000007234f000 	C:\Program Files\Java\jdk1.7.0_79\jre\bin\verify.dll
0x0000000072310000 - 0x0000000072338000 	C:\Program Files\Java\jdk1.7.0_79\jre\bin\java.dll
0x00000000722f0000 - 0x0000000072305000 	C:\Program Files\Java\jdk1.7.0_79\jre\bin\zip.dll

VM Arguments:
jvm_args: -Xmx1024M -Dfile.encoding=windows-1252 -Duser.country=SE -Duser.language=sv -Duser.variant 
java_command: com.android.dx.command.Main --dex --num-threads=4 --output C:\Users\stefan\AndroidStudioProjects\MP3PLAYER\app\build\intermediates\pre-dexed\debug\classes-dc132082de20870a426fdcd3100ca976c6ecdb23.jar C:\Users\stefan\AndroidStudioProjects\MP3PLAYER\app\build\intermediates\exploded-aar\com.android.support\design\23.1.0\jars\classes.jar
Launcher Type: SUN_STANDARD

Environment Variables:
PATH=C:\WINDOWS\system32;C:\WINDOWS;C:\WINDOWS\System32\Wbem;C:\WINDOWS\System32\WindowsPowerShell\v1.0\
USERNAME=stefan
OS=Windows_NT
PROCESSOR_IDENTIFIER=Intel64 Family 6 Model 60 Stepping 3, GenuineIntel



---------------  S Y S T E M  ---------------

OS: Windows 8.1 , 64 bit Build 9600 

CPU:total 4 (4 cores per cpu, 1 threads per core) family 6 model 60 stepping 3, cmov, cx8, fxsr, mmx, sse, sse2, sse3, ssse3, sse4.1, sse4.2, popcnt, avx, avx2, aes, erms, tsc, tscinvbit

Memory: 4k page, physical 8330600k(599456k free), swap 14866268k(6336k free)

vm_info: Java HotSpot(TM) 64-Bit Server VM (24.79-b02) for windows-amd64 JRE (1.7.0_79-b15), built on Apr 10 2015 12:36:16 by "java_re" with unknown MS VC++:1600

time: Tue Nov 03 22:12:33 2015
elapsed time: 0 seconds

